TN:
SF:app.js
FN:29,(anonymous_0)
FN:42,(anonymous_1)
FNF:2
FNH:0
FNDA:0,(anonymous_0)
FNDA:0,(anonymous_1)
DA:1,2
DA:2,2
DA:3,2
DA:4,2
DA:5,2
DA:7,2
DA:10,2
DA:23,2
DA:26,2
DA:29,2
DA:30,0
DA:34,2
DA:37,2
DA:40,2
DA:41,0
DA:42,0
DA:43,0
DA:47,2
LF:18
LH:14
BRDA:40,0,0,0
BRDA:40,0,1,2
BRDA:41,1,0,0
BRDA:41,1,1,0
BRF:4
BRH:1
end_of_record
TN:
SF:controllers\animeController.js
FN:4,(anonymous_0)
FN:22,(anonymous_1)
FN:45,(anonymous_2)
FN:77,(anonymous_3)
FNF:4
FNH:4
FNDA:95,(anonymous_0)
FNDA:4,(anonymous_1)
FNDA:3,(anonymous_2)
FNDA:4,(anonymous_3)
DA:1,2
DA:3,2
DA:5,95
DA:6,95
DA:7,95
DA:8,95
DA:12,95
DA:14,0
DA:15,0
DA:23,4
DA:24,4
DA:25,4
DA:27,4
DA:28,4
DA:30,4
DA:35,4
DA:37,0
DA:38,0
DA:46,3
DA:47,3
DA:48,3
DA:50,3
DA:51,0
DA:52,0
DA:53,0
DA:56,3
DA:57,3
DA:58,2
DA:59,0
DA:60,0
DA:61,0
DA:63,2
DA:65,1
DA:66,1
DA:67,1
DA:69,0
DA:72,0
DA:73,0
DA:78,4
DA:79,4
DA:80,4
DA:82,4
DA:83,0
DA:84,0
DA:85,0
DA:88,4
DA:89,4
DA:90,3
DA:91,0
DA:92,0
DA:93,0
DA:95,3
DA:97,1
DA:98,0
DA:99,0
DA:101,1
DA:104,1
DA:105,1
LF:58
LH:37
BRDA:10,0,0,95
BRDA:10,0,1,0
BRDA:32,1,0,4
BRDA:32,1,1,1
BRDA:50,2,0,0
BRDA:50,2,1,3
BRDA:58,3,0,0
BRDA:58,3,1,2
BRDA:65,4,0,1
BRDA:65,4,1,0
BRDA:82,5,0,0
BRDA:82,5,1,4
BRDA:90,6,0,0
BRDA:90,6,1,3
BRDA:97,7,0,0
BRDA:97,7,1,1
BRF:16
BRH:9
end_of_record
TN:
SF:middleware\errorHandler.js
FN:1,(anonymous_0)
FNF:1
FNH:1
FNDA:2,(anonymous_0)
DA:1,2
DA:2,2
DA:5,2
DA:6,1
DA:13,1
DA:14,0
DA:21,1
DA:27,2
LF:8
LH:7
BRDA:5,0,0,1
BRDA:5,0,1,1
BRDA:5,1,0,2
BRDA:5,1,1,1
BRDA:13,2,0,0
BRDA:13,2,1,1
BRDA:21,3,0,1
BRDA:21,3,1,0
BRDA:22,4,0,1
BRDA:22,4,1,0
BRF:10
BRH:7
end_of_record
TN:
SF:middleware\rateLimit.js
FNF:0
FNH:0
DA:1,2
DA:3,2
DA:13,2
LF:3
LH:3
BRF:0
BRH:0
end_of_record
TN:
SF:routes\anime.js
FN:13,(anonymous_0)
FN:22,(anonymous_1)
FN:44,(anonymous_2)
FN:69,(anonymous_3)
FN:93,(anonymous_4)
FN:121,(anonymous_5)
FNF:6
FNH:2
FNDA:0,(anonymous_0)
FNDA:0,(anonymous_1)
FNDA:3,(anonymous_2)
FNDA:2,(anonymous_3)
FNDA:0,(anonymous_4)
FNDA:0,(anonymous_5)
DA:1,2
DA:2,2
DA:3,2
DA:9,2
DA:10,2
DA:13,2
DA:14,0
DA:15,0
DA:17,0
DA:22,2
DA:23,0
DA:24,0
DA:25,0
DA:27,0
DA:32,2
DA:35,2
DA:38,2
DA:41,2
DA:44,2
DA:45,3
DA:46,3
DA:47,3
DA:48,1
DA:51,2
DA:52,2
DA:54,2
DA:57,2
DA:58,2
DA:60,2
DA:61,2
DA:63,1
DA:64,1
DA:69,2
DA:70,2
DA:71,2
DA:72,2
DA:73,1
DA:76,1
DA:78,1
DA:92,0
DA:93,0
DA:94,0
DA:98,0
DA:99,0
DA:100,0
DA:101,0
DA:104,0
DA:106,2
DA:112,2
DA:121,2
DA:122,0
DA:123,0
DA:124,0
DA:126,0
DA:133,2
LF:55
LH:36
BRDA:47,0,0,1
BRDA:47,0,1,2
BRDA:72,1,0,1
BRDA:72,1,1,1
BRF:4
BRH:4
end_of_record
TN:
SF:services\animeService.js
FN:6,(anonymous_0)
FN:19,(anonymous_1)
FN:25,(anonymous_2)
FN:33,(anonymous_3)
FN:38,(anonymous_4)
FN:52,(anonymous_5)
FN:64,(anonymous_6)
FN:86,(anonymous_7)
FN:89,(anonymous_8)
FN:99,(anonymous_9)
FN:118,(anonymous_10)
FN:127,(anonymous_11)
FN:148,(anonymous_12)
FN:162,(anonymous_13)
FN:175,(anonymous_14)
FN:229,(anonymous_15)
FNF:16
FNH:13
FNDA:2,(anonymous_0)
FNDA:10,(anonymous_1)
FNDA:8,(anonymous_2)
FNDA:115,(anonymous_3)
FNDA:107,(anonymous_4)
FNDA:5,(anonymous_5)
FNDA:60,(anonymous_6)
FNDA:0,(anonymous_7)
FNDA:0,(anonymous_8)
FNDA:0,(anonymous_9)
FNDA:95,(anonymous_10)
FNDA:950,(anonymous_11)
FNDA:4,(anonymous_12)
FNDA:18,(anonymous_13)
FNDA:3,(anonymous_14)
FNDA:440,(anonymous_15)
DA:1,2
DA:2,2
DA:3,2
DA:8,2
DA:13,2
DA:19,2
DA:20,10
DA:21,10
DA:25,2
DA:26,8
DA:27,8
DA:28,8
DA:34,115
DA:39,107
DA:40,107
DA:42,107
DA:43,97
DA:44,97
DA:47,10
DA:48,10
DA:49,8
DA:53,5
DA:54,5
DA:55,5
DA:57,5
DA:64,60
DA:75,5
DA:80,0
DA:81,0
DA:87,0
DA:88,0
DA:89,0
DA:91,0
DA:93,0
DA:94,0
DA:100,0
DA:101,0
DA:102,0
DA:103,0
DA:105,0
DA:111,0
DA:119,95
DA:120,95
DA:121,95
DA:127,950
DA:138,95
DA:143,0
DA:144,0
DA:149,4
DA:150,4
DA:152,4
DA:157,3
DA:158,0
DA:161,3
DA:162,18
DA:170,1
DA:171,1
DA:176,3
DA:177,3
DA:179,3
DA:180,0
DA:184,3
DA:185,3
DA:186,3
DA:187,0
DA:188,0
DA:191,3
DA:194,3
DA:196,3
DA:202,1
DA:203,1
DA:205,1
DA:206,1
DA:209,0
DA:210,0
DA:216,2
DA:217,0
DA:221,2
DA:229,440
DA:237,2
DA:239,2
DA:241,1
DA:242,1
DA:243,1
DA:244,1
DA:245,1
DA:247,0
DA:252,2
LF:88
LH:64
BRDA:14,0,0,2
BRDA:14,0,1,0
BRDA:34,1,0,115
BRDA:34,1,1,106
BRDA:42,2,0,97
BRDA:42,2,1,10
BRDA:52,3,0,1
BRDA:55,4,0,5
BRDA:55,4,1,0
BRDA:68,5,0,60
BRDA:68,5,1,60
BRDA:69,6,0,60
BRDA:69,6,1,0
BRDA:70,7,0,60
BRDA:70,7,1,60
BRDA:71,8,0,60
BRDA:71,8,1,60
BRDA:72,9,0,60
BRDA:72,9,1,0
BRDA:131,10,0,950
BRDA:131,10,1,950
BRDA:132,11,0,950
BRDA:132,11,1,950
BRDA:133,12,0,950
BRDA:133,12,1,950
BRDA:134,13,0,950
BRDA:134,13,1,0
BRDA:135,14,0,950
BRDA:135,14,1,950
BRDA:157,15,0,0
BRDA:157,15,1,3
BRDA:157,16,0,3
BRDA:157,16,1,3
BRDA:166,17,0,18
BRDA:166,17,1,0
BRDA:179,18,0,0
BRDA:179,18,1,3
BRDA:186,19,0,0
BRDA:186,19,1,3
BRDA:205,20,0,1
BRDA:205,20,1,0
BRDA:216,21,0,0
BRDA:216,21,1,2
BRDA:225,22,0,2
BRDA:225,22,1,0
BRDA:226,23,0,2
BRDA:226,23,1,0
BRDA:227,24,0,2
BRDA:227,24,1,0
BRDA:228,25,0,2
BRDA:228,25,1,2
BRDA:229,26,0,2
BRDA:229,26,1,0
BRDA:232,27,0,440
BRDA:232,27,1,440
BRDA:242,28,0,1
BRDA:242,28,1,0
BRDA:242,29,0,1
BRDA:242,29,1,1
BRF:59
BRH:43
end_of_record
